CRITICAL - 2021-05-15 16:50:08 --> Undefined array key "title"
#0 /Applications/XAMPP/xamppfiles/htdocs/xampp-ci/app/Views/students/viewall.php(7): CodeIgniter\Debug\Exceptions->errorHandler(2, 'Undefined array...', '/Applications/X...', 7)
#1 /Applications/XAMPP/xamppfiles/htdocs/xampp-ci/system/View/View.php(220): include('/Applications/X...')
#2 /Applications/XAMPP/xamppfiles/htdocs/xampp-ci/system/View/View.php(222): CodeIgniter\View\View->CodeIgniter\View\{closure}()
#3 /Applications/XAMPP/xamppfiles/htdocs/xampp-ci/system/Common.php(1217): CodeIgniter\View\View->render('students/viewal...', Array, true)
#4 /Applications/XAMPP/xamppfiles/htdocs/xampp-ci/app/Controllers/Student.php(20): view('students/viewal...', Array)
#5 /Applications/XAMPP/xamppfiles/htdocs/xampp-ci/system/CodeIgniter.php(936): App\Controllers\Student->index()
#6 /Applications/XAMPP/xamppfiles/htdocs/xampp-ci/system/CodeIgniter.php(432): CodeIgniter\CodeIgniter->runController(Object(App\Controllers\Student))
#7 /Applications/XAMPP/xamppfiles/htdocs/xampp-ci/system/CodeIgniter.php(333): CodeIgniter\CodeIgniter->handleRequest(NULL, Object(Config\Cache), false)
#8 /Applications/XAMPP/xamppfiles/htdocs/xampp-ci/public/index.php(44): CodeIgniter\CodeIgniter->run()
#9 /Applications/XAMPP/xamppfiles/htdocs/xampp-ci/system/Commands/Server/rewrite.php(45): require_once('/Applications/X...')
#10 {main}
CRITICAL - 2021-05-15 16:52:03 --> Undefined array key "last"
#0 /Applications/XAMPP/xamppfiles/htdocs/xampp-ci/app/Views/students/viewall.php(10): CodeIgniter\Debug\Exceptions->errorHandler(2, 'Undefined array...', '/Applications/X...', 10)
#1 /Applications/XAMPP/xamppfiles/htdocs/xampp-ci/system/View/View.php(220): include('/Applications/X...')
#2 /Applications/XAMPP/xamppfiles/htdocs/xampp-ci/system/View/View.php(222): CodeIgniter\View\View->CodeIgniter\View\{closure}()
#3 /Applications/XAMPP/xamppfiles/htdocs/xampp-ci/system/Common.php(1217): CodeIgniter\View\View->render('students/viewal...', Array, true)
#4 /Applications/XAMPP/xamppfiles/htdocs/xampp-ci/app/Controllers/Student.php(20): view('students/viewal...', Array)
#5 /Applications/XAMPP/xamppfiles/htdocs/xampp-ci/system/CodeIgniter.php(936): App\Controllers\Student->index()
#6 /Applications/XAMPP/xamppfiles/htdocs/xampp-ci/system/CodeIgniter.php(432): CodeIgniter\CodeIgniter->runController(Object(App\Controllers\Student))
#7 /Applications/XAMPP/xamppfiles/htdocs/xampp-ci/system/CodeIgniter.php(333): CodeIgniter\CodeIgniter->handleRequest(NULL, Object(Config\Cache), false)
#8 /Applications/XAMPP/xamppfiles/htdocs/xampp-ci/public/index.php(44): CodeIgniter\CodeIgniter->run()
#9 /Applications/XAMPP/xamppfiles/htdocs/xampp-ci/system/Commands/Server/rewrite.php(45): require_once('/Applications/X...')
#10 {main}
CRITICAL - 2021-05-15 16:52:26 --> Undefined array key "last"
#0 /Applications/XAMPP/xamppfiles/htdocs/xampp-ci/app/Views/students/viewall.php(10): CodeIgniter\Debug\Exceptions->errorHandler(2, 'Undefined array...', '/Applications/X...', 10)
#1 /Applications/XAMPP/xamppfiles/htdocs/xampp-ci/system/View/View.php(220): include('/Applications/X...')
#2 /Applications/XAMPP/xamppfiles/htdocs/xampp-ci/system/View/View.php(222): CodeIgniter\View\View->CodeIgniter\View\{closure}()
#3 /Applications/XAMPP/xamppfiles/htdocs/xampp-ci/system/Common.php(1217): CodeIgniter\View\View->render('students/viewal...', Array, true)
#4 /Applications/XAMPP/xamppfiles/htdocs/xampp-ci/app/Controllers/Student.php(20): view('students/viewal...', Array)
#5 /Applications/XAMPP/xamppfiles/htdocs/xampp-ci/system/CodeIgniter.php(936): App\Controllers\Student->index()
#6 /Applications/XAMPP/xamppfiles/htdocs/xampp-ci/system/CodeIgniter.php(432): CodeIgniter\CodeIgniter->runController(Object(App\Controllers\Student))
#7 /Applications/XAMPP/xamppfiles/htdocs/xampp-ci/system/CodeIgniter.php(333): CodeIgniter\CodeIgniter->handleRequest(NULL, Object(Config\Cache), false)
#8 /Applications/XAMPP/xamppfiles/htdocs/xampp-ci/public/index.php(44): CodeIgniter\CodeIgniter->run()
#9 /Applications/XAMPP/xamppfiles/htdocs/xampp-ci/system/Commands/Server/rewrite.php(45): require_once('/Applications/X...')
#10 {main}
CRITICAL - 2021-05-15 16:52:42 --> Undefined array key "last"
#0 /Applications/XAMPP/xamppfiles/htdocs/xampp-ci/app/Views/students/viewall.php(10): CodeIgniter\Debug\Exceptions->errorHandler(2, 'Undefined array...', '/Applications/X...', 10)
#1 /Applications/XAMPP/xamppfiles/htdocs/xampp-ci/system/View/View.php(220): include('/Applications/X...')
#2 /Applications/XAMPP/xamppfiles/htdocs/xampp-ci/system/View/View.php(222): CodeIgniter\View\View->CodeIgniter\View\{closure}()
#3 /Applications/XAMPP/xamppfiles/htdocs/xampp-ci/system/Common.php(1217): CodeIgniter\View\View->render('students/viewal...', Array, true)
#4 /Applications/XAMPP/xamppfiles/htdocs/xampp-ci/app/Controllers/Student.php(20): view('students/viewal...', Array)
#5 /Applications/XAMPP/xamppfiles/htdocs/xampp-ci/system/CodeIgniter.php(936): App\Controllers\Student->index()
#6 /Applications/XAMPP/xamppfiles/htdocs/xampp-ci/system/CodeIgniter.php(432): CodeIgniter\CodeIgniter->runController(Object(App\Controllers\Student))
#7 /Applications/XAMPP/xamppfiles/htdocs/xampp-ci/system/CodeIgniter.php(333): CodeIgniter\CodeIgniter->handleRequest(NULL, Object(Config\Cache), false)
#8 /Applications/XAMPP/xamppfiles/htdocs/xampp-ci/public/index.php(44): CodeIgniter\CodeIgniter->run()
#9 /Applications/XAMPP/xamppfiles/htdocs/xampp-ci/system/Commands/Server/rewrite.php(45): require_once('/Applications/X...')
#10 {main}
CRITICAL - 2021-05-15 16:54:30 --> Undefined variable $title
#0 /Applications/XAMPP/xamppfiles/htdocs/xampp-ci/app/Views/templates/header.php(13): CodeIgniter\Debug\Exceptions->errorHandler(2, 'Undefined varia...', '/Applications/X...', 13)
#1 /Applications/XAMPP/xamppfiles/htdocs/xampp-ci/system/View/View.php(220): include('/Applications/X...')
#2 /Applications/XAMPP/xamppfiles/htdocs/xampp-ci/system/View/View.php(222): CodeIgniter\View\View->CodeIgniter\View\{closure}()
#3 /Applications/XAMPP/xamppfiles/htdocs/xampp-ci/system/Common.php(1217): CodeIgniter\View\View->render('templates/heade...', Array, true)
#4 /Applications/XAMPP/xamppfiles/htdocs/xampp-ci/app/Controllers/Student.php(18): view('templates/heade...', Array)
#5 /Applications/XAMPP/xamppfiles/htdocs/xampp-ci/system/CodeIgniter.php(936): App\Controllers\Student->index()
#6 /Applications/XAMPP/xamppfiles/htdocs/xampp-ci/system/CodeIgniter.php(432): CodeIgniter\CodeIgniter->runController(Object(App\Controllers\Student))
#7 /Applications/XAMPP/xamppfiles/htdocs/xampp-ci/system/CodeIgniter.php(333): CodeIgniter\CodeIgniter->handleRequest(NULL, Object(Config\Cache), false)
#8 /Applications/XAMPP/xamppfiles/htdocs/xampp-ci/public/index.php(44): CodeIgniter\CodeIgniter->run()
#9 /Applications/XAMPP/xamppfiles/htdocs/xampp-ci/system/Commands/Server/rewrite.php(45): require_once('/Applications/X...')
#10 {main}
