ERROR - 2021-06-08 20:29:39 --> mysqli_sql_exception: Table 'test.student' doesn't exist in /Applications/XAMPP/xamppfiles/htdocs/xampp-ci/system/Database/MySQLi/Connection.php:314
Stack trace:
#0 /Applications/XAMPP/xamppfiles/htdocs/xampp-ci/system/Database/MySQLi/Connection.php(314): mysqli->query('SELECT *\nFROM `...')
#1 /Applications/XAMPP/xamppfiles/htdocs/xampp-ci/system/Database/BaseConnection.php(713): CodeIgniter\Database\MySQLi\Connection->execute('SELECT *\nFROM `...')
#2 /Applications/XAMPP/xamppfiles/htdocs/xampp-ci/system/Database/BaseConnection.php(641): CodeIgniter\Database\BaseConnection->simpleQuery('SELECT *\nFROM `...')
#3 /Applications/XAMPP/xamppfiles/htdocs/xampp-ci/system/Database/BaseBuilder.php(1866): CodeIgniter\Database\BaseConnection->query('SELECT *\nFROM `...', Array, false)
#4 /Applications/XAMPP/xamppfiles/htdocs/xampp-ci/system/Model.php(247): CodeIgniter\Database\BaseBuilder->get()
#5 /Applications/XAMPP/xamppfiles/htdocs/xampp-ci/system/BaseModel.php(624): CodeIgniter\Model->doFirst()
#6 /Applications/XAMPP/xamppfiles/htdocs/xampp-ci/app/Models/StudentModel.php(41): CodeIgniter\BaseModel->first()
#7 /Applications/XAMPP/xamppfiles/htdocs/xampp-ci/app/Controllers/Student.php(28): App\Models\StudentModel->getStudent(NULL)
#8 /Applications/XAMPP/xamppfiles/htdocs/xampp-ci/system/Test/ControllerTester.php(163): App\Controllers\Student->view()
#9 /Applications/XAMPP/xamppfiles/htdocs/xampp-ci/tests/unit/StudentControllerTest.php(13): CodeIgniter\TestStudentController->execute('view')
#10 /Applications/XAMPP/xamppfiles/htdocs/xampp-ci/vendor/phpunit/phpunit/src/Framework/TestCase.php(1526): CodeIgniter\TestStudentController->testViewStudent()
#11 /Applications/XAMPP/xamppfiles/htdocs/xampp-ci/vendor/phpunit/phpunit/src/Framework/TestCase.php(1132): PHPUnit\Framework\TestCase->runTest()
#12 /Applications/XAMPP/xamppfiles/htdocs/xampp-ci/vendor/phpunit/phpunit/src/Framework/TestResult.php(722): PHPUnit\Framework\TestCase->runBare()
#13 /Applications/XAMPP/xamppfiles/htdocs/xampp-ci/vendor/phpunit/phpunit/src/Framework/TestCase.php(884): PHPUnit\Framework\TestResult->run(Object(CodeIgniter\TestStudentController))
#14 /Applications/XAMPP/xamppfiles/htdocs/xampp-ci/vendor/phpunit/phpunit/src/Framework/TestSuite.php(677): PHPUnit\Framework\TestCase->run(Object(PHPUnit\Framework\TestResult))
#15 /Applications/XAMPP/xamppfiles/htdocs/xampp-ci/vendor/phpunit/phpunit/src/Framework/TestSuite.php(677): PHPUnit\Framework\TestSuite->run(Object(PHPUnit\Framework\TestResult))
#16 /Applications/XAMPP/xamppfiles/htdocs/xampp-ci/vendor/phpunit/phpunit/src/Framework/TestSuite.php(677): PHPUnit\Framework\TestSuite->run(Object(PHPUnit\Framework\TestResult))
#17 /Applications/XAMPP/xamppfiles/htdocs/xampp-ci/vendor/phpunit/phpunit/src/TextUI/TestRunner.php(667): PHPUnit\Framework\TestSuite->run(Object(PHPUnit\Framework\TestResult))
#18 /Applications/XAMPP/xamppfiles/htdocs/xampp-ci/vendor/phpunit/phpunit/src/TextUI/Command.php(143): PHPUnit\TextUI\TestRunner->run(Object(PHPUnit\Framework\TestSuite), Array, Array, true)
#19 /Applications/XAMPP/xamppfiles/htdocs/xampp-ci/vendor/phpunit/phpunit/src/TextUI/Command.php(96): PHPUnit\TextUI\Command->run(Array, true)
#20 /Applications/XAMPP/xamppfiles/htdocs/xampp-ci/vendor/phpunit/phpunit/phpunit(61): PHPUnit\TextUI\Command::main()
#21 {main}
ERROR - 2021-06-08 20:33:07 --> mysqli_sql_exception: Table 'test.student' doesn't exist in /Applications/XAMPP/xamppfiles/htdocs/xampp-ci/system/Database/MySQLi/Connection.php:314
Stack trace:
#0 /Applications/XAMPP/xamppfiles/htdocs/xampp-ci/system/Database/MySQLi/Connection.php(314): mysqli->query('SELECT *\nFROM `...')
#1 /Applications/XAMPP/xamppfiles/htdocs/xampp-ci/system/Database/BaseConnection.php(713): CodeIgniter\Database\MySQLi\Connection->execute('SELECT *\nFROM `...')
#2 /Applications/XAMPP/xamppfiles/htdocs/xampp-ci/system/Database/BaseConnection.php(641): CodeIgniter\Database\BaseConnection->simpleQuery('SELECT *\nFROM `...')
#3 /Applications/XAMPP/xamppfiles/htdocs/xampp-ci/system/Database/BaseBuilder.php(1866): CodeIgniter\Database\BaseConnection->query('SELECT *\nFROM `...', Array, false)
#4 /Applications/XAMPP/xamppfiles/htdocs/xampp-ci/system/Model.php(247): CodeIgniter\Database\BaseBuilder->get()
#5 /Applications/XAMPP/xamppfiles/htdocs/xampp-ci/system/BaseModel.php(624): CodeIgniter\Model->doFirst()
#6 /Applications/XAMPP/xamppfiles/htdocs/xampp-ci/app/Models/StudentModel.php(41): CodeIgniter\BaseModel->first()
#7 /Applications/XAMPP/xamppfiles/htdocs/xampp-ci/app/Controllers/Student.php(28): App\Models\StudentModel->getStudent(NULL)
#8 /Applications/XAMPP/xamppfiles/htdocs/xampp-ci/system/Test/ControllerTester.php(163): App\Controllers\Student->view()
#9 /Applications/XAMPP/xamppfiles/htdocs/xampp-ci/tests/unit/StudentControllerTest.php(15): CodeIgniter\TestStudentController->execute('view')
#10 /Applications/XAMPP/xamppfiles/htdocs/xampp-ci/vendor/phpunit/phpunit/src/Framework/TestCase.php(1526): CodeIgniter\TestStudentController->testViewStudent()
#11 /Applications/XAMPP/xamppfiles/htdocs/xampp-ci/vendor/phpunit/phpunit/src/Framework/TestCase.php(1132): PHPUnit\Framework\TestCase->runTest()
#12 /Applications/XAMPP/xamppfiles/htdocs/xampp-ci/vendor/phpunit/phpunit/src/Framework/TestResult.php(722): PHPUnit\Framework\TestCase->runBare()
#13 /Applications/XAMPP/xamppfiles/htdocs/xampp-ci/vendor/phpunit/phpunit/src/Framework/TestCase.php(884): PHPUnit\Framework\TestResult->run(Object(CodeIgniter\TestStudentController))
#14 /Applications/XAMPP/xamppfiles/htdocs/xampp-ci/vendor/phpunit/phpunit/src/Framework/TestSuite.php(677): PHPUnit\Framework\TestCase->run(Object(PHPUnit\Framework\TestResult))
#15 /Applications/XAMPP/xamppfiles/htdocs/xampp-ci/vendor/phpunit/phpunit/src/Framework/TestSuite.php(677): PHPUnit\Framework\TestSuite->run(Object(PHPUnit\Framework\TestResult))
#16 /Applications/XAMPP/xamppfiles/htdocs/xampp-ci/vendor/phpunit/phpunit/src/Framework/TestSuite.php(677): PHPUnit\Framework\TestSuite->run(Object(PHPUnit\Framework\TestResult))
#17 /Applications/XAMPP/xamppfiles/htdocs/xampp-ci/vendor/phpunit/phpunit/src/TextUI/TestRunner.php(667): PHPUnit\Framework\TestSuite->run(Object(PHPUnit\Framework\TestResult))
#18 /Applications/XAMPP/xamppfiles/htdocs/xampp-ci/vendor/phpunit/phpunit/src/TextUI/Command.php(143): PHPUnit\TextUI\TestRunner->run(Object(PHPUnit\Framework\TestSuite), Array, Array, true)
#19 /Applications/XAMPP/xamppfiles/htdocs/xampp-ci/vendor/phpunit/phpunit/src/TextUI/Command.php(96): PHPUnit\TextUI\Command->run(Array, true)
#20 /Applications/XAMPP/xamppfiles/htdocs/xampp-ci/vendor/phpunit/phpunit/phpunit(61): PHPUnit\TextUI\Command::main()
#21 {main}
ERROR - 2021-06-08 20:37:43 --> mysqli_sql_exception: Table 'test.student' doesn't exist in /Applications/XAMPP/xamppfiles/htdocs/xampp-ci/system/Database/MySQLi/Connection.php:314
Stack trace:
#0 /Applications/XAMPP/xamppfiles/htdocs/xampp-ci/system/Database/MySQLi/Connection.php(314): mysqli->query('SELECT *\nFROM `...')
#1 /Applications/XAMPP/xamppfiles/htdocs/xampp-ci/system/Database/BaseConnection.php(713): CodeIgniter\Database\MySQLi\Connection->execute('SELECT *\nFROM `...')
#2 /Applications/XAMPP/xamppfiles/htdocs/xampp-ci/system/Database/BaseConnection.php(641): CodeIgniter\Database\BaseConnection->simpleQuery('SELECT *\nFROM `...')
#3 /Applications/XAMPP/xamppfiles/htdocs/xampp-ci/system/Database/BaseBuilder.php(1866): CodeIgniter\Database\BaseConnection->query('SELECT *\nFROM `...', Array, false)
#4 /Applications/XAMPP/xamppfiles/htdocs/xampp-ci/system/Model.php(247): CodeIgniter\Database\BaseBuilder->get()
#5 /Applications/XAMPP/xamppfiles/htdocs/xampp-ci/system/BaseModel.php(624): CodeIgniter\Model->doFirst()
#6 /Applications/XAMPP/xamppfiles/htdocs/xampp-ci/app/Models/StudentModel.php(41): CodeIgniter\BaseModel->first()
#7 /Applications/XAMPP/xamppfiles/htdocs/xampp-ci/app/Controllers/Student.php(28): App\Models\StudentModel->getStudent(NULL)
#8 /Applications/XAMPP/xamppfiles/htdocs/xampp-ci/system/Test/ControllerTester.php(163): App\Controllers\Student->view()
#9 /Applications/XAMPP/xamppfiles/htdocs/xampp-ci/tests/unit/StudentControllerTest.php(15): CodeIgniter\TestStudentController->execute('view')
#10 /Applications/XAMPP/xamppfiles/htdocs/xampp-ci/vendor/phpunit/phpunit/src/Framework/TestCase.php(1526): CodeIgniter\TestStudentController->testViewStudent()
#11 /Applications/XAMPP/xamppfiles/htdocs/xampp-ci/vendor/phpunit/phpunit/src/Framework/TestCase.php(1132): PHPUnit\Framework\TestCase->runTest()
#12 /Applications/XAMPP/xamppfiles/htdocs/xampp-ci/vendor/phpunit/phpunit/src/Framework/TestResult.php(722): PHPUnit\Framework\TestCase->runBare()
#13 /Applications/XAMPP/xamppfiles/htdocs/xampp-ci/vendor/phpunit/phpunit/src/Framework/TestCase.php(884): PHPUnit\Framework\TestResult->run(Object(CodeIgniter\TestStudentController))
#14 /Applications/XAMPP/xamppfiles/htdocs/xampp-ci/vendor/phpunit/phpunit/src/Framework/TestSuite.php(677): PHPUnit\Framework\TestCase->run(Object(PHPUnit\Framework\TestResult))
#15 /Applications/XAMPP/xamppfiles/htdocs/xampp-ci/vendor/phpunit/phpunit/src/Framework/TestSuite.php(677): PHPUnit\Framework\TestSuite->run(Object(PHPUnit\Framework\TestResult))
#16 /Applications/XAMPP/xamppfiles/htdocs/xampp-ci/vendor/phpunit/phpunit/src/Framework/TestSuite.php(677): PHPUnit\Framework\TestSuite->run(Object(PHPUnit\Framework\TestResult))
#17 /Applications/XAMPP/xamppfiles/htdocs/xampp-ci/vendor/phpunit/phpunit/src/TextUI/TestRunner.php(667): PHPUnit\Framework\TestSuite->run(Object(PHPUnit\Framework\TestResult))
#18 /Applications/XAMPP/xamppfiles/htdocs/xampp-ci/vendor/phpunit/phpunit/src/TextUI/Command.php(143): PHPUnit\TextUI\TestRunner->run(Object(PHPUnit\Framework\TestSuite), Array, Array, true)
#19 /Applications/XAMPP/xamppfiles/htdocs/xampp-ci/vendor/phpunit/phpunit/src/TextUI/Command.php(96): PHPUnit\TextUI\Command->run(Array, true)
#20 /Applications/XAMPP/xamppfiles/htdocs/xampp-ci/vendor/phpunit/phpunit/phpunit(61): PHPUnit\TextUI\Command::main()
#21 {main}
